<?xml version="1.0" encoding="UTF-8"?>
<!-- Generated by org.testng.reporters.JUnitReportReporter -->
<testsuite name="com.cug.baggage_calculator.service.Impl.BaggageServiceImplTest" tests="5" time="0.009" ignored="0" failures="0" timestamp="28 四月 2024 01:53:30 GMT" skipped="0" hostname="LAPTOP-FCJLE339" errors="0">
  <testcase name="testCal_outland_special" time="0.000" classname="com.cug.baggage_calculator.service.Impl.BaggageServiceImplTest"/>
  <testcase name="testCal_inland_normal" time="0.001" classname="com.cug.baggage_calculator.service.Impl.BaggageServiceImplTest"/>
  <testcase name="testCal_inland_special" time="0.000" classname="com.cug.baggage_calculator.service.Impl.BaggageServiceImplTest"/>
  <testcase name="testCal_outland_normal" time="0.000" classname="com.cug.baggage_calculator.service.Impl.BaggageServiceImplTest"/>
  <testcase name="testCalBaggagePrice" time="0.008" classname="com.cug.baggage_calculator.service.Impl.BaggageServiceImplTest"/>
</testsuite> <!-- com.cug.baggage_calculator.service.Impl.BaggageServiceImplTest -->
